<?xml version="1.0" encoding="UTF-8"?>
<!-- Generated by org.testng.reporters.JUnitXMLReporter -->
<testsuite ignored="0" hostname="MT-CND60460B9" failures="0" tests="3" name="Default test" time="30.351" errors="0" timestamp="2022-06-30T14:30:54 IST">
  <testcase classname="com.amazon.qa.testcases.LoginPageTest" name="loginPageTitleTest" time="0.544"/>
  <testcase classname="com.amazon.qa.testcases.LoginPageTest" name="validateAmazonImage" time="0.751"/>
  <testcase classname="com.amazon.qa.testcases.LoginPageTest" name="LoginTest" time="4.71"/>
</testsuite> <!-- Default test -->
