<?xml version="1.0" encoding="UTF-8"?>
<testng-results ignored="0" total="3" passed="3" failed="0" skipped="0">
  <reporter-output>
  </reporter-output>
  <suite started-at="2022-06-30T14:30:23 IST" name="Default suite" finished-at="2022-06-30T14:30:54 IST" duration-ms="30351">
    <groups>
    </groups>
    <test started-at="2022-06-30T14:30:23 IST" name="Default test" finished-at="2022-06-30T14:30:54 IST" duration-ms="30351">
      <class name="com.amazon.qa.testcases.LoginPageTest">
        <test-method is-config="true" signature="setup()[pri:0, instance:com.amazon.qa.testcases.LoginPageTest@36902638]" started-at="2022-06-30T14:30:23 IST" name="setup" finished-at="2022-06-30T14:30:32 IST" duration-ms="8448" status="PASS">
          <reporter-output>
          </reporter-output>
        </test-method> <!-- setup -->
        <test-method signature="loginPageTitleTest()[pri:1, instance:com.amazon.qa.testcases.LoginPageTest@36902638]" started-at="2022-06-30T14:30:32 IST" name="loginPageTitleTest" finished-at="2022-06-30T14:30:32 IST" duration-ms="544" status="PASS">
          <reporter-output>
          </reporter-output>
        </test-method> <!-- loginPageTitleTest -->
        <test-method is-config="true" signature="close()[pri:0, instance:com.amazon.qa.testcases.LoginPageTest@36902638]" started-at="2022-06-30T14:30:32 IST" name="close" finished-at="2022-06-30T14:30:33 IST" duration-ms="986" status="PASS">
          <reporter-output>
          </reporter-output>
        </test-method> <!-- close -->
        <test-method is-config="true" signature="setup()[pri:0, instance:com.amazon.qa.testcases.LoginPageTest@36902638]" started-at="2022-06-30T14:30:33 IST" name="setup" finished-at="2022-06-30T14:30:40 IST" duration-ms="6323" status="PASS">
          <reporter-output>
          </reporter-output>
        </test-method> <!-- setup -->
        <test-method signature="validateAmazonImage()[pri:2, instance:com.amazon.qa.testcases.LoginPageTest@36902638]" started-at="2022-06-30T14:30:40 IST" name="validateAmazonImage" finished-at="2022-06-30T14:30:40 IST" duration-ms="751" status="PASS">
          <reporter-output>
          </reporter-output>
        </test-method> <!-- validateAmazonImage -->
        <test-method is-config="true" signature="close()[pri:0, instance:com.amazon.qa.testcases.LoginPageTest@36902638]" started-at="2022-06-30T14:30:40 IST" name="close" finished-at="2022-06-30T14:30:41 IST" duration-ms="950" status="PASS">
          <reporter-output>
          </reporter-output>
        </test-method> <!-- close -->
        <test-method is-config="true" signature="setup()[pri:0, instance:com.amazon.qa.testcases.LoginPageTest@36902638]" started-at="2022-06-30T14:30:41 IST" name="setup" finished-at="2022-06-30T14:30:48 IST" duration-ms="6480" status="PASS">
          <reporter-output>
          </reporter-output>
        </test-method> <!-- setup -->
        <test-method signature="LoginTest()[pri:3, instance:com.amazon.qa.testcases.LoginPageTest@36902638]" started-at="2022-06-30T14:30:48 IST" name="LoginTest" finished-at="2022-06-30T14:30:53 IST" duration-ms="4710" status="PASS">
          <reporter-output>
          </reporter-output>
        </test-method> <!-- LoginTest -->
        <test-method is-config="true" signature="close()[pri:0, instance:com.amazon.qa.testcases.LoginPageTest@36902638]" started-at="2022-06-30T14:30:53 IST" name="close" finished-at="2022-06-30T14:30:54 IST" duration-ms="1046" status="PASS">
          <reporter-output>
          </reporter-output>
        </test-method> <!-- close -->
      </class> <!-- com.amazon.qa.testcases.LoginPageTest -->
    </test> <!-- Default test -->
  </suite> <!-- Default suite -->
</testng-results>
